Arguments: 
  /usr/bin/nodejs /usr/share/yarn/bin/yarn.js login

PATH: 
  /usr/local/sbin:/usr/local/bin:/usr/sbin:/usr/bin:/sbin:/bin:/usr/games:/usr/local/games

Yarn version: 
  0.27.5

Node version: 
  4.2.6

Platform: 
  linux x64

npm manifest: 
  {
    "name": "jsonVCard",
    "version": "0.1.0",
    "description": "VCard dynamically created from a json file and a template",
    "main": "jsonvcard.js",
    "keywords": ["cv", "vcard", "json"],
    "repository": "https://github.com/kariminf/jsonVCard.git",
    "author": "Abdelkrime Aries <kariminfo0@gmail.com>",
    "license": "Apache-2.0",
    "files": [
      "jsonvcard.js",
      "bio.txt",
      "vcard.json",
      "index.html",
      "styles/*"
    ],
  }

yarn manifest: 
  No manifest

Lockfile: 
  No lockfile

Trace: 
  SyntaxError: /home/kariminf/Github/Projects/jsonVCard/package.json: Unexpected token }
      at Object.parse (native)
      at /usr/share/yarn/lib/yarn-cli.js:747:57
      at next (native)
      at step (/usr/share/yarn/lib/yarn-cli.js:91:30)
      at /usr/share/yarn/lib/yarn-cli.js:102:13
      at run (/usr/share/yarn/lib/yarn-cli.js:87239:22)
      at /usr/share/yarn/lib/yarn-cli.js:87252:28
      at flush (/usr/share/yarn/lib/yarn-cli.js:86710:9)
      at nextTickCallbackWith0Args (node.js:419:9)
      at process._tickCallback (node.js:348:13)
